Removed Pin From Net: NetName=NetSB7_1 Pin=XS1-1
Removed Pin From Net: NetName=NetSB5_1 Pin=XS1-2
Removed Pin From Net: NetName=NetSB3_1 Pin=XS1-3
Removed Pin From Net: NetName=NetSB1_1 Pin=XS1-4
Removed Pin From Net: NetName=NetSB1_2 Pin=XS1-5
Removed Pin From Net: NetName=NetSB2_2 Pin=XS1-6
Removed Pin From Net: NetName=NetHL17_2 Pin=XS1-7
Removed Pin From Net: NetName=NetHL17_1 Pin=XS1-8
Removed Pin From Net: NetName=VL Pin=XS1-9
Removed Pin From Net: NetName=GND Pin=XS1-10
Added Pin To Net: NetName=GND Pin=XS1-1
Added Pin To Net: NetName=VL Pin=XS1-2
Added Pin To Net: NetName=NetHL17_1 Pin=XS1-3
Added Pin To Net: NetName=NetHL17_2 Pin=XS1-4
Added Pin To Net: NetName=NetSB2_2 Pin=XS1-5
Added Pin To Net: NetName=NetSB1_2 Pin=XS1-6
Added Pin To Net: NetName=NetSB1_1 Pin=XS1-7
Added Pin To Net: NetName=NetSB3_1 Pin=XS1-8
Added Pin To Net: NetName=NetSB5_1 Pin=XS1-9
Added Pin To Net: NetName=NetSB7_1 Pin=XS1-10
