Change Value of Parameter Manufacturer in Part C1 Old= New=KEMET
Change Value of Parameter Price in Part C1 Old= New=0.01$
Change Value of Parameter Price in Part C4 Old=3.00 New=0.001$
Change Value of Parameter Price in Part C5 Old=3.00 New=0.001$
Change Value of Parameter Price in Part C6 Old=3.00 New=0.001$
Change Value of Parameter Price in Part C7 Old=3.00 New=0.001$
Change Value of Parameter Price in Part C8 Old=3.00 New=0.001$
Change Value of Parameter Price in Part C9 Old=3.00 New=0.001$
Change Value of Parameter Price in Part C10 Old=3.00 New=0.001$
Change Value of Parameter Manufacturer in Part C11 Old= New=KEMET
Change Value of Parameter Price in Part C11 Old= New=0.001$
Change Value of Parameter Price in Part C12 Old=3.00 New=0.001$
Change Value of Parameter Price in Part C13 Old=3.00 New=0.001$
Change Value of Parameter Price in Part C14 Old=3.00 New=0.001$
Change Value of Parameter Price in Part C15 Old=3.00 New=0.001$
Change Value of Parameter Price in Part C16 Old=3.00 New=0.001$
Change Value of Parameter Price in Part C17 Old=3.00 New=0.001$
Change Value of Parameter Price in Part C18 Old=3.00 New=0.001$
Change Value of Parameter Manufacturer in Part C19 Old= New=KEMET
Change Value of Parameter Price in Part C19 Old= New=0.01$
Change Value of Parameter Manufacturer in Part C23 Old= New=KEMET
Change Value of Parameter Price in Part C23 Old= New=0.01$
Change Value of Parameter Manufacturer in Part C27 Old= New=KEMET
Change Value of Parameter Price in Part C27 Old= New=0.01$
Change Value of Parameter Manufacturer in Part C29 Old= New=KEMET
Change Value of Parameter Price in Part C29 Old= New=0.01$
Change Value of Parameter Price in Part C30 Old=1.00 New=0.001$
Change Value of Parameter Price in Part C31 Old=1.00 New=0.001$
Change Value of Parameter Price in Part C32 Old=1.00 New=0.001$
Change Value of Parameter Price in Part C32 Old=1.00 New=0.001$
Change Value of Parameter Price in Part C32 Old=1.00 New=0.001$
Change Value of Parameter Price in Part C32 Old=1.00 New=0.001$
Change Value of Parameter PackageReference in Part C33 Old= New=0805
Change Value of Parameter PackageReference in Part C33 Old= New=0805
Change Value of Parameter Price in Part C33 Old= New=0.01$
Change Value of Parameter Price in Part C33 Old= New=0.01$
Change Value of Parameter PackageReference in Part C34 Old= New=0805
Change Value of Parameter Price in Part C34 Old= New=0.01$
Change Value of Parameter PackageReference in Part C35 Old= New=0805
Change Value of Parameter Price in Part C35 Old= New=0.01$
Change Value of Parameter Manufacturer in Part C36 Old= New=KEMET
Change Value of Parameter PackageReference in Part C36 Old= New=0805
Change Value of Parameter Price in Part C36 Old= New=0.01$
Change Value of Parameter Manufacturer in Part C37 Old= New=KEMET
Change Value of Parameter PackageReference in Part C37 Old= New=0805
Change Value of Parameter Price in Part C37 Old= New=0.01$
Change Value of Parameter PackageReference in Part C38 Old= New=0805
Change Value of Parameter Price in Part C38 Old= New=0.01$
Change Value of Parameter PackageReference in Part C41 Old= New=0805
Change Value of Parameter Price in Part C41 Old= New=0.01$
Change Value of Parameter PackageReference in Part C42 Old= New=0805
Change Value of Parameter Price in Part C42 Old= New=0.01$
Change Value of Parameter Price in Part C43 Old=3.00 New=0.001$
Change Value of Parameter Price in Part C44 Old=3.00 New=0.001$
Change Value of Parameter Price in Part C45 Old=3.00 New=0.001$
Change Value of Parameter Price in Part C83 Old=3.00 New=0.001$
Change Value of Parameter Price in Part R1 Old=1.00 New=0.01$
