Change Component Designator: Old Designator=C11 New Designator=C?
Change Component Designator: Old Designator=C44 New Designator=C?
Change Component Designator: Old Designator=C44 New Designator=C?
Change Component Designator: Old Designator=C44 New Designator=C?
Change Component Designator: Old Designator=C44 New Designator=C?
Change Component Designator: Old Designator=C45 New Designator=C?
Change Component Designator: Old Designator=C45 New Designator=C?
Change Component Designator: Old Designator=C45 New Designator=C?
Change Component Designator: Old Designator=C45 New Designator=C?
Change Component Designator: Old Designator=C45 New Designator=C?
Change Component Designator: Old Designator=C46 New Designator=C?
Change Component Designator: Old Designator=C46 New Designator=C?
Change Component Designator: Old Designator=C46 New Designator=C?
Change Component Designator: Old Designator=C46 New Designator=C?
Change Component Designator: Old Designator=C46 New Designator=C?
Change Component Designator: Old Designator=C46 New Designator=C?
Change Component Designator: Old Designator=DA3 New Designator=DA?
Change Component Designator: Old Designator=DA4 New Designator=DA?
Change Component Designator: Old Designator=DA23 New Designator=DA?
Change Component Designator: Old Designator=DA23 New Designator=DA?
Change Component Designator: Old Designator=DD6 New Designator=DD?
Change Component Designator: Old Designator=DD6 New Designator=DD?
Change Component Designator: Old Designator=DD7 New Designator=DD?
Change Component Designator: Old Designator=DD8 New Designator=DD?
Change Component Designator: Old Designator=DD23 New Designator=DD?
Change Component Designator: Old Designator=DD32 New Designator=DD?
Change Component Designator: Old Designator=L2 New Designator=L?
Change Component Designator: Old Designator=L2 New Designator=L?
Change Component Designator: Old Designator=R13 New Designator=R?
Change Component Designator: Old Designator=R15 New Designator=R?
Change Component Designator: Old Designator=R16 New Designator=R?
Change Component Designator: Old Designator=R17 New Designator=R?
Change Component Designator: Old Designator=R17 New Designator=R?
Change Component Designator: Old Designator=R17 New Designator=R?
Change Component Designator: Old Designator=R17 New Designator=R?
Change Component Designator: Old Designator=R17 New Designator=R?
Change Component Designator: Old Designator=R18 New Designator=R?
Change Component Designator: Old Designator=R19 New Designator=R?
Change Component Designator: Old Designator=R20 New Designator=R?
Change Component Designator: Old Designator=R21 New Designator=R?
Change Component Designator: Old Designator=R21 New Designator=R?
Change Component Designator: Old Designator=R21 New Designator=R?
Change Component Designator: Old Designator=R22 New Designator=R?
Change Component Designator: Old Designator=R22 New Designator=R?
Change Component Designator: Old Designator=R22 New Designator=R?
Change Component Designator: Old Designator=R23 New Designator=R?
Change Component Designator: Old Designator=R46 New Designator=R?
Change Component Designator: Old Designator=R46 New Designator=R?
Change Component Designator: Old Designator=R46 New Designator=R?
Change Component Designator: Old Designator=R46 New Designator=R?
Change Component Designator: Old Designator=VD45 New Designator=VD?
Change Component Designator: Old Designator=VD New Designator=VD?
Change Component Designator: Old Designator=VD New Designator=VD?
Change Component Designator: Old Designator=VT7 New Designator=VT?
Change Component Designator: Old Designator=VT7 New Designator=VT?
Change Component Designator: Old Designator=VT7 New Designator=VT?
Change Component Designator: Old Designator=XP1 New Designator=XP?
Change Component Designator: Old Designator=XP2 New Designator=XP?
Change Component Designator: Old Designator=XP3 New Designator=XP?
Change Component Designator: Old Designator=XP45 New Designator=XP?
Change Component Designator: Old Designator=XP New Designator=XP?
Change Component Designator: Old Designator=XS3 New Designator=XS?
Change Component Designator: Old Designator=XS4 New Designator=XS?
