Removed Pin From Net: NetName=VDD18 Pin=DD14-22
Removed Pin From Net: NetName=VDD18 Pin=DD14-42
Change Component Designator: OldDesignator=C111 NewDesignator=C113
Change Component Designator: OldDesignator=C112 NewDesignator=C114
Change Component Designator: OldDesignator=C113 NewDesignator=C115
Change Component Designator: OldDesignator=C114 NewDesignator=C116
Change Component Designator: OldDesignator=C115 NewDesignator=C117
Change Component Designator: OldDesignator=C116 NewDesignator=C118
Change Component Designator: OldDesignator=C117 NewDesignator=C119
Change Component Designator: OldDesignator=C118 NewDesignator=C120
Change Component Designator: OldDesignator=C119 NewDesignator=C121
Added Component: Designator=C111(CAP_0603)
Added Component: Designator=C112(CAP_0603)
Added Pin To Net: NetName=GND Pin=C111-2
Added Pin To Net: NetName=GND Pin=C112-2
Change Net Name : Old Net Name=NetC116_1 New Net Name=NetC118_1
Change Net Name : Old Net Name=NetC116_2 New Net Name=NetC118_2
Change Net Name : Old Net Name=NetC117_1 New Net Name=NetC119_1
Change Net Name : Old Net Name=NetC117_2 New Net Name=NetC119_2
Change Net Name : Old Net Name=NetC118_1 New Net Name=NetC120_1
Change Net Name : Old Net Name=NetC118_2 New Net Name=NetC120_2
Change Net Name : Old Net Name=NetC119_1 New Net Name=NetC121_1
Change Net Name : Old Net Name=NetC119_2 New Net Name=NetC121_2
Added Pin To Net: NetName=NetC111_1 Pin=C111-1
Added Pin To Net: NetName=NetC111_1 Pin=C112-1
Added Pin To Net: NetName=NetC111_1 Pin=DD14-22
Added Pin To Net: NetName=NetC111_1 Pin=DD14-42
Added Net: Name=NetC111_1
Added Member To Class: ClassName=PLC1_4 Member=Component C120 0.1uF
Added Member To Class: ClassName=PLC1_4 Member=Component C121 0.1uF
