Change Component Designator: Old Designator=C3 New Designator=C?
Change Component Designator: Old Designator=C3 New Designator=C?
Change Component Designator: Old Designator=C3 New Designator=C?
Change Component Designator: Old Designator=C3 New Designator=C?
Change Component Designator: Old Designator=C3 New Designator=C?
Change Component Designator: Old Designator=C5 New Designator=C?
Change Component Designator: Old Designator=C7 New Designator=C?
Change Component Designator: Old Designator=C8 New Designator=C?
Change Component Designator: Old Designator=C9 New Designator=C?
Change Component Designator: Old Designator=C10 New Designator=C?
Change Component Designator: Old Designator=C11 New Designator=C?
Change Component Designator: Old Designator=C12 New Designator=C?
Change Component Designator: Old Designator=C13 New Designator=C?
Change Component Designator: Old Designator=C14 New Designator=C?
Change Component Designator: Old Designator=C15 New Designator=C?
Change Component Designator: Old Designator=C16 New Designator=C?
Change Component Designator: Old Designator=C17 New Designator=C?
Change Component Designator: Old Designator=C18 New Designator=C?
Change Component Designator: Old Designator=C19 New Designator=C?
Change Component Designator: Old Designator=C20 New Designator=C?
Change Component Designator: Old Designator=C21 New Designator=C?
Change Component Designator: Old Designator=C22 New Designator=C?
Change Component Designator: Old Designator=C23 New Designator=C?
Change Component Designator: Old Designator=C27 New Designator=C?
Change Component Designator: Old Designator=C27 New Designator=C?
Change Component Designator: Old Designator=C27 New Designator=C?
Change Component Designator: Old Designator=C27 New Designator=C?
Change Component Designator: Old Designator=C27 New Designator=C?
Change Component Designator: Old Designator=C27 New Designator=C?
Change Component Designator: Old Designator=C27 New Designator=C?
Change Component Designator: Old Designator=C27 New Designator=C?
Change Component Designator: Old Designator=C New Designator=C?
Change Component Designator: Old Designator=C New Designator=C?
Change Component Designator: Old Designator=C New Designator=C?
Change Component Designator: Old Designator=C New Designator=C?
Change Component Designator: Old Designator=C New Designator=C?
Change Component Designator: Old Designator=C New Designator=C?
Change Component Designator: Old Designator=C New Designator=C?
Change Component Designator: Old Designator=C New Designator=C?
Change Component Designator: Old Designator=C New Designator=C?
Change Component Designator: Old Designator=C New Designator=C?
Change Component Designator: Old Designator=C New Designator=C?
Change Component Designator: Old Designator=C New Designator=C?
Change Component Designator: Old Designator=C New Designator=C?
Change Component Designator: Old Designator=C New Designator=C?
Change Component Designator: Old Designator=DA2 New Designator=DA?
Change Component Designator: Old Designator=DA35 New Designator=DA?
Change Component Designator: Old Designator=DA675 New Designator=DA?
Change Component Designator: Old Designator=DA675 New Designator=DA?
Change Component Designator: Old Designator=DA New Designator=DA?
Change Component Designator: Old Designator=DA New Designator=DA?
Change Component Designator: Old Designator=DA New Designator=DA?
Change Component Designator: Old Designator=DD1 New Designator=DD?
Change Component Designator: Old Designator=FU New Designator=FU?
Change Component Designator: Old Designator=L2 New Designator=L?
Change Component Designator: Old Designator=L2 New Designator=L?
Change Component Designator: Old Designator=L2 New Designator=L?
Change Component Designator: Old Designator=L2 New Designator=L?
Change Component Designator: Old Designator=L2 New Designator=L?
Change Component Designator: Old Designator=L3 New Designator=L?
Change Component Designator: Old Designator=L New Designator=L?
Change Component Designator: Old Designator=L New Designator=L?
Change Component Designator: Old Designator=R1 New Designator=R?
Change Component Designator: Old Designator=R3 New Designator=R?
Change Component Designator: Old Designator=R6 New Designator=R?
Change Component Designator: Old Designator=R8 New Designator=R?
Change Component Designator: Old Designator=R26 New Designator=R?
Change Component Designator: Old Designator=R26 New Designator=R?
Change Component Designator: Old Designator=R26 New Designator=R?
Change Component Designator: Old Designator=R26 New Designator=R?
Change Component Designator: Old Designator=R32 New Designator=R?
Change Component Designator: Old Designator=R38 New Designator=R?
Change Component Designator: Old Designator=R38 New Designator=R?
Change Component Designator: Old Designator=R38 New Designator=R?
Change Component Designator: Old Designator=VD New Designator=VD?
Change Component Designator: Old Designator=VD New Designator=VD?
Change Component Designator: Old Designator=VD New Designator=VD?
Change Component Designator: Old Designator=VT1 New Designator=VT?
Change Component Designator: Old Designator=Ñ211 New Designator=Ñ?
Change Component Designator: Old Designator=Ñ211 New Designator=Ñ?
