Removed Pin From Net: NetName=VCC Pin=R25-2
Removed Pin From Net: NetName=VDD_USB Pin=XS4-1
Removed Pin From Net: NetName=NetDA9_4 Pin=XS4-2
Removed Pin From Net: NetName=NetDA9_5 Pin=XS4-3
Removed Pin From Net: NetName=GND Pin=XS4-4
Removed Pin From Net: NetName=AUD- Pin=XS4-5
Removed Pin From Net: NetName=AUD+ Pin=XS4-6
Removed Pin From Net: NetName=GND Pin=XS4-7
Removed Member From Class: ClassName=PLC1_2 Member=C96
Removed Member From Class: ClassName=PLC1_2 Member=R39
Change Component Footprint: Designator=R25 Old Footprint=Res_0603 New Footprint=CONN_2.54_6
Change Component Comment : Designator=R25 Old Comment=4,7k New Comment=CONNECT_2.54_6
Change Component Designator: OldDesignator=C76 NewDesignator=C106
Change Component Designator: OldDesignator=C77 NewDesignator=C76
Change Component Designator: OldDesignator=C78 NewDesignator=C77
Change Component Designator: OldDesignator=C79 NewDesignator=C78
Change Component Designator: OldDesignator=C80 NewDesignator=C79
Change Component Designator: OldDesignator=C81 NewDesignator=C80
Change Component Designator: OldDesignator=C82 NewDesignator=C81
Change Component Designator: OldDesignator=C83 NewDesignator=C82
Change Component Designator: OldDesignator=C84 NewDesignator=C83
Change Component Designator: OldDesignator=C85 NewDesignator=C84
Change Component Designator: OldDesignator=C86 NewDesignator=C85
Change Component Designator: OldDesignator=C87 NewDesignator=C86
Change Component Designator: OldDesignator=C88 NewDesignator=C87
Change Component Designator: OldDesignator=C89 NewDesignator=C88
Change Component Designator: OldDesignator=C90 NewDesignator=C89
Change Component Designator: OldDesignator=C91 NewDesignator=C90
Change Component Designator: OldDesignator=C92 NewDesignator=C91
Change Component Designator: OldDesignator=C93 NewDesignator=C92
Change Component Designator: OldDesignator=C94 NewDesignator=C93
Change Component Designator: OldDesignator=C95 NewDesignator=C94
Change Component Designator: OldDesignator=C96 NewDesignator=C95
Change Component Designator: OldDesignator=C97 NewDesignator=C96
Change Component Designator: OldDesignator=C98 NewDesignator=C97
Change Component Designator: OldDesignator=C99 NewDesignator=C98
Change Component Designator: OldDesignator=C100 NewDesignator=C99
Change Component Designator: OldDesignator=C101 NewDesignator=C100
Change Component Designator: OldDesignator=C102 NewDesignator=C101
Change Component Designator: OldDesignator=C103 NewDesignator=C102
Change Component Designator: OldDesignator=C104 NewDesignator=C103
Change Component Designator: OldDesignator=C105 NewDesignator=C104
Change Component Designator: OldDesignator=C106 NewDesignator=C105
Change Component Designator: OldDesignator=R25 NewDesignator=XS4
Change Component Designator: OldDesignator=R26 NewDesignator=R25
Change Component Designator: OldDesignator=R27 NewDesignator=R26
Change Component Designator: OldDesignator=R28 NewDesignator=R27
Change Component Designator: OldDesignator=R29 NewDesignator=R28
Change Component Designator: OldDesignator=R30 NewDesignator=R29
Change Component Designator: OldDesignator=R31 NewDesignator=R30
Change Component Designator: OldDesignator=R32 NewDesignator=R31
Change Component Designator: OldDesignator=R33 NewDesignator=R32
Change Component Designator: OldDesignator=R34 NewDesignator=R33
Change Component Designator: OldDesignator=R35 NewDesignator=R34
Change Component Designator: OldDesignator=R36 NewDesignator=R35
Change Component Designator: OldDesignator=R37 NewDesignator=R36
Change Component Designator: OldDesignator=R38 NewDesignator=R37
Change Component Designator: OldDesignator=R39 NewDesignator=R38
Change Component Designator: OldDesignator=R40 NewDesignator=R39
Change Component Designator: OldDesignator=R41 NewDesignator=R40
Change Component Designator: OldDesignator=R42 NewDesignator=R41
Change Component Designator: OldDesignator=R43 NewDesignator=R42
Change Component Designator: OldDesignator=R44 NewDesignator=R43
Change Component Designator: OldDesignator=R45 NewDesignator=R44
Change Component Designator: OldDesignator=R46 NewDesignator=R45
Change Component Designator: OldDesignator=R47 NewDesignator=R46
Change Component Designator: OldDesignator=R48 NewDesignator=R47
Change Component Designator: OldDesignator=R49 NewDesignator=R48
Change Component Designator: OldDesignator=R50 NewDesignator=R49
Change Component Designator: OldDesignator=R51 NewDesignator=R50
Change Component Designator: OldDesignator=R52 NewDesignator=R51
Change Component Designator: OldDesignator=R53 NewDesignator=R52
Change Component Designator: OldDesignator=R54 NewDesignator=R53
Change Component Designator: OldDesignator=R55 NewDesignator=R54
Change Component Designator: OldDesignator=R56 NewDesignator=R55
Change Component Designator: OldDesignator=R57 NewDesignator=R56
Change Component Designator: OldDesignator=R58 NewDesignator=R57
Change Component Designator: OldDesignator=R59 NewDesignator=R58
Change Component Designator: OldDesignator=R60 NewDesignator=R59
Change Component Designator: OldDesignator=R61 NewDesignator=R60
Change Component Designator: OldDesignator=R62 NewDesignator=R61
Change Component Designator: OldDesignator=R63 NewDesignator=R62
Change Component Designator: OldDesignator=R64 NewDesignator=R63
Change Component Designator: OldDesignator=R65 NewDesignator=R64
Change Component Designator: OldDesignator=R66 NewDesignator=R65
Change Component Designator: OldDesignator=R67 NewDesignator=R66
Change Component Designator: OldDesignator=R68 NewDesignator=R67
Change Component Designator: OldDesignator=R69 NewDesignator=R68
Change Component Designator: OldDesignator=R70 NewDesignator=R69
Change Component Designator: OldDesignator=R71 NewDesignator=R70
Change Component Designator: OldDesignator=R72 NewDesignator=R71
Change Component Designator: OldDesignator=R73 NewDesignator=R72
Change Component Designator: OldDesignator=R74 NewDesignator=R73
Change Component Designator: OldDesignator=R75 NewDesignator=R74
Change Component Designator: OldDesignator=R76 NewDesignator=R75
Change Component Designator: OldDesignator=R77 NewDesignator=R76
Change Component Designator: OldDesignator=R78 NewDesignator=R77
Change Component Designator: OldDesignator=R79 NewDesignator=R78
Change Component Designator: OldDesignator=R80 NewDesignator=R79
Change Component Designator: OldDesignator=R81 NewDesignator=R80
Change Component Designator: OldDesignator=R82 NewDesignator=R81
Change Component Designator: OldDesignator=R83 NewDesignator=R82
Change Component Designator: OldDesignator=R84 NewDesignator=R83
Change Component Designator: OldDesignator=R85 NewDesignator=R84
Change Component Designator: OldDesignator=R86 NewDesignator=R85
Change Component Designator: OldDesignator=R87 NewDesignator=R86
Change Component Designator: OldDesignator=R88 NewDesignator=R87
Change Component Designator: OldDesignator=R89 NewDesignator=R88
Change Component Designator: OldDesignator=R90 NewDesignator=R89
Change Component Designator: OldDesignator=R91 NewDesignator=R90
Change Component Designator: OldDesignator=R92 NewDesignator=R91
Change Component Designator: OldDesignator=R93 NewDesignator=R92
Change Component Designator: OldDesignator=R94 NewDesignator=R93
Change Component Designator: OldDesignator=R95 NewDesignator=R94
Change Component Designator: OldDesignator=R96 NewDesignator=R95
Change Component Designator: OldDesignator=R97 NewDesignator=R96
Change Component Designator: OldDesignator=R98 NewDesignator=R97
Change Component Designator: OldDesignator=R99 NewDesignator=R98
Change Component Designator: OldDesignator=R100 NewDesignator=R99
Change Component Designator: OldDesignator=R101 NewDesignator=R100
Change Component Designator: OldDesignator=R102 NewDesignator=R101
Change Component Designator: OldDesignator=R103 NewDesignator=R102
Change Component Designator: OldDesignator=R104 NewDesignator=R103
Change Component Designator: OldDesignator=R105 NewDesignator=R104
Change Component Designator: OldDesignator=R106 NewDesignator=R105
Change Component Designator: OldDesignator=R107 NewDesignator=R106
Change Component Designator: OldDesignator=R108 NewDesignator=R107
Change Component Designator: OldDesignator=R109 NewDesignator=R108
Change Component Designator: OldDesignator=R110 NewDesignator=R109
Change Component Designator: OldDesignator=XP2 NewDesignator=XP1
Change Component Designator: OldDesignator=XP3 NewDesignator=XP2
Change Component Designator: OldDesignator=XP4 NewDesignator=XP3
Change Component Designator: OldDesignator=XP5 NewDesignator=XP4
Change Component Designator: OldDesignator=XP6 NewDesignator=XP5
Added Pin To Net: NetName=GND Pin=XP5-13
Added Pin To Net: NetName=SWCLK Pin=XP5-14
Added Pin To Net: NetName=SWDIO Pin=XP5-15
Added Pin To Net: NetName=SWO Pin=XP5-16
Added Pin To Net: NetName=VDD_USB Pin=XS4-1
Added Pin To Net: NetName=NetDA9_4 Pin=XS4-2
Added Pin To Net: NetName=NetDA9_5 Pin=XS4-3
Added Pin To Net: NetName=GND Pin=XS4-4
Added Pin To Net: NetName=AUD- Pin=XS4-5
Added Pin To Net: NetName=AUD+ Pin=XS4-6
Change Net Name : Old Net Name=NetC77_1 New Net Name=NetC76_1
Change Net Name : Old Net Name=NetC78_1 New Net Name=NetC77_1
Change Net Name : Old Net Name=NetC79_1 New Net Name=NetC78_1
Change Net Name : Old Net Name=NetC86_1 New Net Name=NetC85_1
Change Net Name : Old Net Name=NetC97_1 New Net Name=NetC96_1
Change Net Name : Old Net Name=NetC98_1 New Net Name=NetC97_1
Change Net Name : Old Net Name=NetC98_2 New Net Name=NetC97_2
Change Net Name : Old Net Name=NetC99_1 New Net Name=NetC98_1
Change Net Name : Old Net Name=NetC99_2 New Net Name=NetC98_2
Change Net Name : Old Net Name=NetC100_1 New Net Name=NetC99_1
Change Net Name : Old Net Name=NetC104_1 New Net Name=NetC103_1
Change Net Name : Old Net Name=NetR42_2 New Net Name=NetR41_2
Change Net Name : Old Net Name=NetR43_2 New Net Name=NetR42_2
Change Net Name : Old Net Name=NetR44_1 New Net Name=NetR43_1
Change Net Name : Old Net Name=NetR51_2 New Net Name=NetR50_2
Change Net Name : Old Net Name=NetR53_2 New Net Name=NetR52_2
Change Net Name : Old Net Name=NetR54_2 New Net Name=NetR53_2
Change Net Name : Old Net Name=NetR55_1 New Net Name=NetR54_1
Change Net Name : Old Net Name=NetR56_1 New Net Name=NetR55_1
Change Net Name : Old Net Name=NetR57_1 New Net Name=NetR56_1
Change Net Name : Old Net Name=NetR58_1 New Net Name=NetR57_1
Change Net Name : Old Net Name=NetR67_1 New Net Name=NetR66_1
Change Net Name : Old Net Name=NetR69_1 New Net Name=NetR68_1
Change Net Name : Old Net Name=NetR70_2 New Net Name=NetR69_2
Change Net Name : Old Net Name=NetR72_1 New Net Name=NetR71_1
Change Net Name : Old Net Name=NetR73_2 New Net Name=NetR72_2
Change Net Name : Old Net Name=NetR74_1 New Net Name=NetR73_1
Added Member To Class: ClassName=PLC1_3 Member=Component C106 100p
