Change Component Designator: Old Designator=C31 New Designator=C?
Change Component Designator: Old Designator=C31 New Designator=C?
Change Component Designator: Old Designator=C31 New Designator=C?
Change Component Designator: Old Designator=DA5 New Designator=DA?
Change Component Designator: Old Designator=DA8 New Designator=DA?
Change Component Designator: Old Designator=DA New Designator=DA?
Change Component Designator: Old Designator=DD10 New Designator=DD?
Change Component Designator: Old Designator=DD New Designator=DD?
Change Component Designator: Old Designator=DD New Designator=DD?
Change Component Designator: Old Designator=R1 New Designator=R?
Change Component Designator: Old Designator=R1 New Designator=R?
Change Component Designator: Old Designator=R1 New Designator=R?
Change Component Designator: Old Designator=R1 New Designator=R?
Change Component Designator: Old Designator=R6 New Designator=R?
Change Component Designator: Old Designator=R6 New Designator=R?
Change Component Designator: Old Designator=R12 New Designator=R?
Change Component Designator: Old Designator=R12 New Designator=R?
Change Component Designator: Old Designator=R New Designator=R?
Change Component Designator: Old Designator=VT New Designator=VT?
Change Component Designator: Old Designator=XP New Designator=XP?
Change Component Designator: Old Designator=XP New Designator=XP?
Change Component Designator: Old Designator=XP New Designator=XP?
Change Component Designator: Old Designator=XS4 New Designator=XS?
Change Component Designator: Old Designator=XS9 New Designator=XS?
