Change Value of Parameter Price in Part C47 Old=1.00 New=0.001$
Change Value of Parameter Price in Part C48 Old=3.00 New=0.001$
Change Value of Parameter Distributor in Part C49 Old= New=http://www.rospek.ru
Change Value of Parameter PackageReference in Part C49 Old= New=0805
Change Value of Parameter Price in Part C49 Old= New=0.01$
Change Value of Parameter Price in Part C50 Old=3.00 New=0.001$
Change Value of Parameter Price in Part C51 Old=3.00 New=0.001$
Change Value of Parameter Price in Part C52 Old=3.00 New=0.001$
Change Value of Parameter Price in Part C52 Old=3.00 New=0.001$
Change Value of Parameter Price in Part C54 Old=3.00 New=0.001$
Change Value of Parameter Price in Part C55 Old=3.00 New=0.001$
Change Value of Parameter Price in Part C56 Old=3.00 New=0.001$
Change Value of Parameter Price in Part C57 Old=3.00 New=0.001$
Change Value of Parameter Price in Part C58 Old=3.00 New=0.001$
Change Value of Parameter Price in Part C59 Old=3.00 New=0.001$
Change Value of Parameter Price in Part C60 Old=3.00 New=0.001$
Change Value of Parameter Price in Part C61 Old=3.00 New=0.001$
Change Value of Parameter Price in Part C62 Old=3.00 New=0.001$
Change Value of Parameter Price in Part C63 Old=3.00 New=0.001$
Change Value of Parameter Price in Part C64 Old=3.00 New=0.001$
Change Value of Parameter Price in Part C65 Old=3.00 New=0.001$
Change Value of Parameter Price in Part C66 Old=3.00 New=0.001$
Change Value of Parameter Price in Part C67 Old=3.00 New=0.001$
Change Value of Parameter Price in Part C68 Old=3.00 New=0.001$
Change Value of Parameter Price in Part C69 Old=3.00 New=0.001$
Change Value of Parameter Price in Part C70 Old=3.00 New=0.001$
Change Value of Parameter Price in Part C71 Old=3.00 New=0.001$
Change Value of Parameter Price in Part DD1 Old=15$ New=0
Change Value of Parameter Price in Part GB1 Old=40.0 New=0.3$
