Removed Pin From Net: NetName=VCC Pin=C40-2
Removed Pin From Net: NetName=GND Pin=C45-1
Removed Pin From Net: NetName=NetC45_2 Pin=C45-2
Removed Pin From Net: NetName=NetC50_2 Pin=C50-2
Removed Pin From Net: NetName=VDD_USB Pin=C53-2
Removed Pin From Net: NetName=NetDA7_1 Pin=DA7-1
Removed Pin From Net: NetName=GND Pin=DA7-2
Removed Pin From Net: NetName=NetC45_2 Pin=DA7-3
Removed Pin From Net: NetName=VCC Pin=DA7-4
Removed Pin From Net: NetName=VCC Pin=DA7-5
Removed Pin From Net: NetName=NetC36_2 Pin=L3-1
Removed Pin From Net: NetName=NetC32_2 Pin=L3-2
Removed Pin From Net: NetName=NetDA7_1 Pin=L5-1
Removed Pin From Net: NetName=VCC Pin=L5-2
Removed Pin From Net: NetName=VDD_USB Pin=L7-1
Removed Pin From Net: NetName=NetC50_2 Pin=L7-2
Removed Pin From Net: NetName=GND Pin=L8-1
Removed Pin From Net: NetName=GNDA Pin=L8-2
Removed Pin From Net: NetName=NetDA7_1 Pin=R16-1
Removed Pin From Net: NetName=NetC45_2 Pin=R16-2
Removed Pin From Net: NetName=NetDA7_1 Pin=VD5-1
Removed Pin From Net: NetName=NetC50_2 Pin=VD5-2
Removed Member From Class: ClassName=PLC1_3 Member=C40
Removed Member From Class: ClassName=PLC1_3 Member=C45
Removed Member From Class: ClassName=PLC1 Member=C57
Removed Member From Class: ClassName=PLC1 Member=C66
Removed Member From Class: ClassName=PLC1 Member=C72
Removed Member From Class: ClassName=PLC1 Member=DA10
Removed Member From Class: ClassName=PLC1_3 Member=DA12
Removed Member From Class: ClassName=PLC1 Member=L10
Removed Member From Class: ClassName=PLC1 Member=R18
Removed Member From Class: ClassName=PLC1_2 Member=R42
Removed Member From Class: ClassName=PLC1_3 Member=R71
Removed Member From Class: ClassName=PLC1 Member=VD7
Removed Member From Class: ClassName=PLC1_3 Member=VD13
Change Component Footprint: Designator=C40 Old Footprint=CAP1206 New Footprint=C_0805
Change Component Footprint: Designator=C53 Old Footprint=CAP1206 New Footprint=CAP1210
Change Component Footprint: Designator=C50 Old Footprint=CAP1206 New Footprint=CAP_0603
Change Component Footprint: Designator=C45 Old Footprint=CAP_0603 New Footprint=C_0805
Change Component Footprint: Designator=VD5 Old Footprint=DO-214AC New Footprint=R_IND_0603
Change Component Footprint: Designator=L3 Old Footprint=R_IND_0603 New Footprint=C_0805
Change Component Footprint: Designator=L7 Old Footprint=R_IND_0603 New Footprint=SS0704
Change Component Footprint: Designator=R16 Old Footprint=Res_0603 New Footprint=R_IND_0603
Change Component Footprint: Designator=DA7 Old Footprint=SOT23-5 New Footprint=C_0805
Change Component Footprint: Designator=L8 Old Footprint=SS0704 New Footprint=R_IND_0603
Change Component Footprint: Designator=L5 Old Footprint=SS0704 New Footprint=SO-G8/E3
Change Component Comment : Designator=C45 Old Comment=1uF New Comment=Cap_0805
Change Component Comment : Designator=R16 Old Comment=10 New Comment=BLM18PG471SH1D
Change Component Comment : Designator=C50 Old Comment=1206 New Comment=22nF
Change Component Comment : Designator=C40 Old Comment=1206 New Comment=Cap_0805
Change Component Comment : Designator=C53 Old Comment=1206 New Comment=Cap_1210
Change Component Comment : Designator=VD5 Old Comment=B360A New Comment=BLM18PG471SH1D
Change Component Comment : Designator=L9 Old Comment=FCM1608KF-601T03 New Comment=BLM18PG471SH1D
Change Component Comment : Designator=L3 Old Comment=FCM1608KF-601T03 New Comment=Cap_0805
Change Component Comment : Designator=L7 Old Comment=FCM1608KF-601T03 New Comment=SS0704470YS
Change Component Comment : Designator=DA7 Old Comment=SP6641BEK-L-5-0 New Comment=Cap_0805
Change Component Comment : Designator=L8 Old Comment=SS0704100YS New Comment=BLM18PG471SH1D
Change Component Comment : Designator=L5 Old Comment=SS0704100YS New Comment=IFX91041EJV50
Change Component Designator: OldDesignator=C3 NewDesignator=C4
Change Component Designator: OldDesignator=C4 NewDesignator=C5
Change Component Designator: OldDesignator=C5 NewDesignator=C6
Change Component Designator: OldDesignator=C6 NewDesignator=C7
Change Component Designator: OldDesignator=C7 NewDesignator=C8
Change Component Designator: OldDesignator=C8 NewDesignator=C9
Change Component Designator: OldDesignator=C9 NewDesignator=C10
Change Component Designator: OldDesignator=C10 NewDesignator=C11
Change Component Designator: OldDesignator=C11 NewDesignator=C13
Change Component Designator: OldDesignator=C12 NewDesignator=C15
Change Component Designator: OldDesignator=C13 NewDesignator=C16
Change Component Designator: OldDesignator=C14 NewDesignator=C17
Change Component Designator: OldDesignator=C15 NewDesignator=C18
Change Component Designator: OldDesignator=C16 NewDesignator=C19
Change Component Designator: OldDesignator=C17 NewDesignator=C20
Change Component Designator: OldDesignator=C18 NewDesignator=C21
Change Component Designator: OldDesignator=C19 NewDesignator=C22
Change Component Designator: OldDesignator=C20 NewDesignator=C14
Change Component Designator: OldDesignator=C21 NewDesignator=C23
Change Component Designator: OldDesignator=C22 NewDesignator=C24
Change Component Designator: OldDesignator=C23 NewDesignator=C25
Change Component Designator: OldDesignator=C24 NewDesignator=C26
Change Component Designator: OldDesignator=C25 NewDesignator=C27
Change Component Designator: OldDesignator=C26 NewDesignator=C30
Change Component Designator: OldDesignator=C27 NewDesignator=C31
Change Component Designator: OldDesignator=C28 NewDesignator=C32
Change Component Designator: OldDesignator=C29 NewDesignator=C33
Change Component Designator: OldDesignator=C30 NewDesignator=C35
Change Component Designator: OldDesignator=C31 NewDesignator=C37
Change Component Designator: OldDesignator=C32 NewDesignator=C38
Change Component Designator: OldDesignator=C33 NewDesignator=C39
Change Component Designator: OldDesignator=C34 NewDesignator=C40
Change Component Designator: OldDesignator=C35 NewDesignator=C41
Change Component Designator: OldDesignator=C36 NewDesignator=C42
Change Component Designator: OldDesignator=C37 NewDesignator=C43
Change Component Designator: OldDesignator=C38 NewDesignator=C44
Change Component Designator: OldDesignator=C39 NewDesignator=C45
Change Component Designator: OldDesignator=C40 NewDesignator=C12
Change Component Designator: OldDesignator=C41 NewDesignator=C46
Change Component Designator: OldDesignator=C42 NewDesignator=C47
Change Component Designator: OldDesignator=C43 NewDesignator=C48
Change Component Designator: OldDesignator=C44 NewDesignator=C49
Change Component Designator: OldDesignator=C45 NewDesignator=C28
Change Component Designator: OldDesignator=C46 NewDesignator=C50
Change Component Designator: OldDesignator=C47 NewDesignator=C51
Change Component Designator: OldDesignator=C48 NewDesignator=C52
Change Component Designator: OldDesignator=C49 NewDesignator=C53
Change Component Designator: OldDesignator=C50 NewDesignator=C29
Change Component Designator: OldDesignator=C51 NewDesignator=C54
Change Component Designator: OldDesignator=C52 NewDesignator=C55
Change Component Designator: OldDesignator=C53 NewDesignator=C3
Change Component Designator: OldDesignator=C54 NewDesignator=C56
Change Component Designator: OldDesignator=C55 NewDesignator=C57
Change Component Designator: OldDesignator=C56 NewDesignator=C58
Change Component Designator: OldDesignator=C57 NewDesignator=C59
Change Component Designator: OldDesignator=C58 NewDesignator=C60
Change Component Designator: OldDesignator=C59 NewDesignator=C61
Change Component Designator: OldDesignator=C60 NewDesignator=C62
Change Component Designator: OldDesignator=C61 NewDesignator=C63
Change Component Designator: OldDesignator=C62 NewDesignator=C64
Change Component Designator: OldDesignator=C63 NewDesignator=C65
Change Component Designator: OldDesignator=C64 NewDesignator=C66
Change Component Designator: OldDesignator=C65 NewDesignator=C67
Change Component Designator: OldDesignator=C66 NewDesignator=C68
Change Component Designator: OldDesignator=C67 NewDesignator=C69
Change Component Designator: OldDesignator=C68 NewDesignator=C70
Change Component Designator: OldDesignator=C69 NewDesignator=C71
Change Component Designator: OldDesignator=C70 NewDesignator=C72
Change Component Designator: OldDesignator=C71 NewDesignator=C73
Change Component Designator: OldDesignator=C72 NewDesignator=C74
Change Component Designator: OldDesignator=C73 NewDesignator=C75
Change Component Designator: OldDesignator=C74 NewDesignator=C76
Change Component Designator: OldDesignator=C75 NewDesignator=C77
Change Component Designator: OldDesignator=C76 NewDesignator=C78
Change Component Designator: OldDesignator=C77 NewDesignator=C79
Change Component Designator: OldDesignator=C78 NewDesignator=C80
Change Component Designator: OldDesignator=C79 NewDesignator=C81
Change Component Designator: OldDesignator=C80 NewDesignator=C82
Change Component Designator: OldDesignator=C81 NewDesignator=C83
Change Component Designator: OldDesignator=C82 NewDesignator=C84
Change Component Designator: OldDesignator=C83 NewDesignator=C85
Change Component Designator: OldDesignator=C84 NewDesignator=C86
Change Component Designator: OldDesignator=C85 NewDesignator=C87
Change Component Designator: OldDesignator=C86 NewDesignator=C88
Change Component Designator: OldDesignator=C87 NewDesignator=C89
Change Component Designator: OldDesignator=C88 NewDesignator=C90
Change Component Designator: OldDesignator=C89 NewDesignator=C91
Change Component Designator: OldDesignator=C90 NewDesignator=C92
Change Component Designator: OldDesignator=C91 NewDesignator=C93
Change Component Designator: OldDesignator=C92 NewDesignator=C94
Change Component Designator: OldDesignator=C93 NewDesignator=C95
Change Component Designator: OldDesignator=C94 NewDesignator=C96
Change Component Designator: OldDesignator=C95 NewDesignator=C97
Change Component Designator: OldDesignator=C96 NewDesignator=C98
Change Component Designator: OldDesignator=C97 NewDesignator=C99
Change Component Designator: OldDesignator=C98 NewDesignator=C100
Change Component Designator: OldDesignator=C99 NewDesignator=C101
Change Component Designator: OldDesignator=C100 NewDesignator=C102
Change Component Designator: OldDesignator=C101 NewDesignator=C103
Change Component Designator: OldDesignator=C102 NewDesignator=C104
Change Component Designator: OldDesignator=C103 NewDesignator=C105
Change Component Designator: OldDesignator=C104 NewDesignator=C106
Change Component Designator: OldDesignator=C105 NewDesignator=C107
Change Component Designator: OldDesignator=C106 NewDesignator=C108
Change Component Designator: OldDesignator=C107 NewDesignator=C109
Change Component Designator: OldDesignator=C108 NewDesignator=C110
Change Component Designator: OldDesignator=C109 NewDesignator=C111
Change Component Designator: OldDesignator=C110 NewDesignator=C112
Change Component Designator: OldDesignator=C111 NewDesignator=C113
Change Component Designator: OldDesignator=C112 NewDesignator=C114
Change Component Designator: OldDesignator=C113 NewDesignator=C115
Change Component Designator: OldDesignator=C114 NewDesignator=C116
Change Component Designator: OldDesignator=C115 NewDesignator=C117
Change Component Designator: OldDesignator=DA1 NewDesignator=DA2
Change Component Designator: OldDesignator=DA2 NewDesignator=DA3
Change Component Designator: OldDesignator=DA3 NewDesignator=DA4
Change Component Designator: OldDesignator=DA4 NewDesignator=DA5
Change Component Designator: OldDesignator=DA5 NewDesignator=DA6
Change Component Designator: OldDesignator=DA6 NewDesignator=DA7
Change Component Designator: OldDesignator=DA7 NewDesignator=C34
Change Component Designator: OldDesignator=L2 NewDesignator=L3
Change Component Designator: OldDesignator=L3 NewDesignator=C36
Change Component Designator: OldDesignator=L4 NewDesignator=L6
Change Component Designator: OldDesignator=L5 NewDesignator=DA1
Change Component Designator: OldDesignator=L6 NewDesignator=L7
Change Component Designator: OldDesignator=L7 NewDesignator=L2
Change Component Designator: OldDesignator=L8 NewDesignator=L4
Change Component Designator: OldDesignator=R9 NewDesignator=R10
Change Component Designator: OldDesignator=R10 NewDesignator=R11
Change Component Designator: OldDesignator=R11 NewDesignator=R12
Change Component Designator: OldDesignator=R12 NewDesignator=R13
Change Component Designator: OldDesignator=R13 NewDesignator=R14
Change Component Designator: OldDesignator=R14 NewDesignator=R15
Change Component Designator: OldDesignator=R15 NewDesignator=R16
Change Component Designator: OldDesignator=R16 NewDesignator=L5
Change Component Designator: OldDesignator=VD2 NewDesignator=VD3
Change Component Designator: OldDesignator=VD3 NewDesignator=VD4
Change Component Designator: OldDesignator=VD4 NewDesignator=VD5
Change Component Designator: OldDesignator=VD5 NewDesignator=L8
Added Component: Designator=R9(RES_0603)
Added Component: Designator=VD2(DO-214AC)
Added Component: Designator=Ñ1(CAP1206)
Added Component: Designator=Ñ2(CAP1206)
Added Pin To Net: NetName=NetC2_2 Pin=C3-2
Added Pin To Net: NetName=NetC2_2 Pin=C12-2
Added Pin To Net: NetName=NetC45_2 Pin=C28-1
Added Pin To Net: NetName=NetC50_2 Pin=C28-2
Added Pin To Net: NetName=NetDA7_1 Pin=C29-2
Added Pin To Net: NetName=GND Pin=C34-1
Added Pin To Net: NetName=GND Pin=C36-1
Added Pin To Net: NetName=VDD_USB Pin=C36-2
Added Pin To Net: NetName=GND Pin=DA1-1
Added Pin To Net: NetName=GND Pin=DA1-2
Added Pin To Net: NetName=NetC50_2 Pin=DA1-5
Added Pin To Net: NetName=NetC45_2 Pin=DA1-6
Added Pin To Net: NetName=NetC2_2 Pin=DA1-7
Added Pin To Net: NetName=NetC2_2 Pin=DA1-8
Added Pin To Net: NetName=GND Pin=DA1-9
Added Pin To Net: NetName=NetC45_2 Pin=L2-2
Added Pin To Net: NetName=VDD_USB Pin=L4-1
Added Pin To Net: NetName=NetC36_2 Pin=L5-1
Added Pin To Net: NetName=NetC32_2 Pin=L5-2
Added Pin To Net: NetName=GND Pin=L8-1
Added Pin To Net: NetName=GNDA Pin=L8-2
Added Pin To Net: NetName=NetDA7_1 Pin=R9-1
Added Pin To Net: NetName=GND Pin=VD2-1
Added Pin To Net: NetName=NetC45_2 Pin=VD2-2
Added Pin To Net: NetName=GND Pin=Ñ1-1
Added Pin To Net: NetName=GND Pin=Ñ2-1
Change Net Name : Old Net Name=NetC19_1 New Net Name=NetC22_1
Change Net Name : Old Net Name=NetC19_2 New Net Name=NetC22_2
Change Net Name : Old Net Name=NetC21_1 New Net Name=NetC23_1
Change Net Name : Old Net Name=NetC22_1 New Net Name=NetC24_1
Change Net Name : Old Net Name=NetC24_2 New Net Name=NetC26_2
Change Net Name : Old Net Name=NetC25_1 New Net Name=NetC27_1
Change Net Name : Old Net Name=NetC28_1 New Net Name=NetC32_1
Change Net Name : Old Net Name=NetC29_1 New Net Name=NetC33_1
Change Net Name : Old Net Name=NetC32_2 New Net Name=NetC38_2
Change Net Name : Old Net Name=NetC36_2 New Net Name=NetC42_2
Change Net Name : Old Net Name=NetC39_2 New Net Name=NetC45_2
Change Net Name : Old Net Name=NetC41_1 New Net Name=NetC46_1
Change Net Name : Old Net Name=NetC44_1 New Net Name=NetC49_1
Change Net Name : Old Net Name=NetC44_2 New Net Name=NetC49_2
Change Net Name : Old Net Name=NetC45_2 New Net Name=NetC28_1
Change Net Name : Old Net Name=NetC50_2 New Net Name=NetC28_2
Change Net Name : Old Net Name=NetC62_1 New Net Name=NetC64_1
Change Net Name : Old Net Name=NetC65_1 New Net Name=NetC67_1
Change Net Name : Old Net Name=NetC66_1 New Net Name=NetC68_1
Change Net Name : Old Net Name=NetC67_1 New Net Name=NetC69_1
Change Net Name : Old Net Name=NetC74_1 New Net Name=NetC76_1
Change Net Name : Old Net Name=NetC85_1 New Net Name=NetC87_1
Change Net Name : Old Net Name=NetC86_1 New Net Name=NetC88_1
Change Net Name : Old Net Name=NetC86_2 New Net Name=NetC88_2
Change Net Name : Old Net Name=NetC87_1 New Net Name=NetC89_1
Change Net Name : Old Net Name=NetC87_2 New Net Name=NetC89_2
Change Net Name : Old Net Name=NetC88_1 New Net Name=NetC90_1
Change Net Name : Old Net Name=NetC92_1 New Net Name=NetC94_1
Change Net Name : Old Net Name=NetC99_1 New Net Name=NetC101_1
Change Net Name : Old Net Name=NetC100_1 New Net Name=NetC102_1
Change Net Name : Old Net Name=NetC102_1 New Net Name=NetC104_1
Change Net Name : Old Net Name=NetC103_1 New Net Name=NetC105_1
Change Net Name : Old Net Name=NetC104_2 New Net Name=NetC106_2
Change Net Name : Old Net Name=NetC105_2 New Net Name=NetC107_2
Change Net Name : Old Net Name=NetC112_1 New Net Name=NetC114_1
Change Net Name : Old Net Name=NetC112_2 New Net Name=NetC114_2
Change Net Name : Old Net Name=NetC113_1 New Net Name=NetC115_1
Change Net Name : Old Net Name=NetC113_2 New Net Name=NetC115_2
Change Net Name : Old Net Name=NetC114_1 New Net Name=NetC116_1
Change Net Name : Old Net Name=NetC114_2 New Net Name=NetC116_2
Change Net Name : Old Net Name=NetC115_1 New Net Name=NetC117_1
Change Net Name : Old Net Name=NetC115_2 New Net Name=NetC117_2
Change Net Name : Old Net Name=NetDA1_1 New Net Name=NetDA2_1
Change Net Name : Old Net Name=NetDA2_5 New Net Name=NetDA3_5
Change Net Name : Old Net Name=NetDA2_7 New Net Name=NetDA3_7
Change Net Name : Old Net Name=NetDA2_13 New Net Name=NetDA3_13
Change Net Name : Old Net Name=NetDA3_1 New Net Name=NetDA4_1
Change Net Name : Old Net Name=NetDA3_4 New Net Name=NetDA4_4
Change Net Name : Old Net Name=NetDA4_1 New Net Name=NetDA5_1
Change Net Name : Old Net Name=NetDA7_1 New Net Name=NetC29_2
Added Pin To Net: NetName=NetC34_2 Pin=C34-2
Added Pin To Net: NetName=NetC34_2 Pin=DA1-4
Added Pin To Net: NetName=NetC34_2 Pin=L2-1
Added Pin To Net: NetName=NetC34_2 Pin=L4-2
Added Pin To Net: NetName=NetC34_2 Pin=Ñ1-2
Added Pin To Net: NetName=NetC34_2 Pin=Ñ2-2
Added Net: Name=NetC34_2
Added Pin To Net: NetName=NetDA1_3 Pin=DA1-3
Added Pin To Net: NetName=NetDA1_3 Pin=R9-2
Added Net: Name=NetDA1_3
Added Member To Class: ClassName=PLC1 Member=Component C40 0.1uF
Added Member To Class: ClassName=PLC1 Member=Component C45 Cap_0805
Added Member To Class: ClassName=PLC1 Member=Component C50 0.1uF
Added Member To Class: ClassName=PLC1 Member=Component C53 Cap_1210
Added Member To Class: ClassName=PLC1 Member=Component C56 1uF
Added Member To Class: ClassName=PLC1_2 Member=Component C82 0.1uF
Added Member To Class: ClassName=PLC1 Member=Component DA7 TPS73718DCQ
Added Member To Class: ClassName=PLC1_3 Member=Component DA11 ASSR-1228-302E
Added Member To Class: ClassName=PLC1 Member=Component L5 BLM18PG471SH1D
Added Member To Class: ClassName=PLC1 Member=Component L7 SS0704100YS
Added Member To Class: ClassName=PLC1 Member=Component R16 1k
Added Member To Class: ClassName=PLC1_2 Member=Component R40 4,7k
Added Member To Class: ClassName=PLC1_3 Member=Component R70 390
Added Member To Class: ClassName=PLC1 Member=Component VD5 MBR0560
Added Member To Class: ClassName=PLC1_3 Member=Component VD12 BAT54A
Added Member To Class: ClassName=PLC1_3 Member=Component XS4 CONNECT_2.54_7
Added Member To Class: ClassName=PLC1_3 Member=Component XS5 0522710879
Added Member To Class: ClassName=PLC1 Member=Component Ñ1 1206
Added Member To Class: ClassName=PLC1 Member=Component Ñ2 1206
