Change Component Designator: Old Designator=BQ2 New Designator=BQ?
Change Component Designator: Old Designator=C60 New Designator=C?
Change Component Designator: Old Designator=C60 New Designator=C?
Change Component Designator: Old Designator=C78 New Designator=C?
Change Component Designator: Old Designator=C78 New Designator=C?
Change Component Designator: Old Designator=C78 New Designator=C?
Change Component Designator: Old Designator=C78 New Designator=C?
Change Component Designator: Old Designator=C78 New Designator=C?
Change Component Designator: Old Designator=C78 New Designator=C?
Change Component Designator: Old Designator=C78 New Designator=C?
Change Component Designator: Old Designator=C78 New Designator=C?
Change Component Designator: Old Designator=DA New Designator=DA?
Change Component Designator: Old Designator=DD645 New Designator=DD?
Change Component Designator: Old Designator=R36 New Designator=R?
Change Component Designator: Old Designator=R58 New Designator=R?
Change Component Designator: Old Designator=R58 New Designator=R?
Change Component Designator: Old Designator=R58 New Designator=R?
Change Component Designator: Old Designator=R58 New Designator=R?
Change Component Designator: Old Designator=R60 New Designator=R?
Change Component Designator: Old Designator=R61 New Designator=R?
Change Component Designator: Old Designator=R62 New Designator=R?
Change Component Designator: Old Designator=R63 New Designator=R?
Change Component Designator: Old Designator=R64 New Designator=R?
Change Component Designator: Old Designator=R65 New Designator=R?
Change Component Designator: Old Designator=R66 New Designator=R?
Change Component Designator: Old Designator=R67 New Designator=R?
Change Component Designator: Old Designator=R67 New Designator=R?
Change Component Designator: Old Designator=R67 New Designator=R?
Change Component Designator: Old Designator=R67 New Designator=R?
Change Component Designator: Old Designator=R67 New Designator=R?
Change Component Designator: Old Designator=R67 New Designator=R?
Change Component Designator: Old Designator=R67 New Designator=R?
Change Component Designator: Old Designator=R69 New Designator=R?
Change Component Designator: Old Designator=R70 New Designator=R?
Change Component Designator: Old Designator=R71 New Designator=R?
Change Component Designator: Old Designator=R72 New Designator=R?
Change Component Designator: Old Designator=R73 New Designator=R?
Change Component Designator: Old Designator=R74 New Designator=R?
Change Component Designator: Old Designator=R75 New Designator=R?
Change Component Designator: Old Designator=R76 New Designator=R?
Change Component Designator: Old Designator=R77 New Designator=R?
Change Component Designator: Old Designator=R78 New Designator=R?
Change Component Designator: Old Designator=R79 New Designator=R?
Change Component Designator: Old Designator=R80 New Designator=R?
Change Component Designator: Old Designator=R81 New Designator=R?
Change Component Designator: Old Designator=R82 New Designator=R?
Change Component Designator: Old Designator=R83 New Designator=R?
Change Component Designator: Old Designator=R83 New Designator=R?
Change Component Designator: Old Designator=VD32 New Designator=VD?
Change Component Designator: Old Designator=VD32 New Designator=VD?
Change Component Designator: Old Designator=VD32 New Designator=VD?
Change Component Designator: Old Designator=VD32 New Designator=VD?
Change Component Designator: Old Designator=XP8 New Designator=XP?
Change Component Designator: Old Designator=XP8 New Designator=XP?
Change Component Designator: Old Designator=XP8 New Designator=XP?
Change Component Designator: Old Designator=XP8 New Designator=XP?
