Removed Pin From Net: NetName=VCC Pin=C4-1
Removed Pin From Net: NetName=GND Pin=C4-2
Removed Pin From Net: NetName=GND Pin=C5-1
Removed Pin From Net: NetName=VCC Pin=C5-2
Removed Pin From Net: NetName=VCC Pin=C6-1
Removed Pin From Net: NetName=GND Pin=C6-2
Removed Pin From Net: NetName=VCC Pin=C9-1
Removed Pin From Net: NetName=GND Pin=C9-2
Removed Pin From Net: NetName=GND Pin=C10-1
Removed Pin From Net: NetName=VCC Pin=C10-2
Removed Pin From Net: NetName=VCC Pin=C17-1
Removed Pin From Net: NetName=GND Pin=C17-2
Removed Pin From Net: NetName=GND Pin=C18-1
Removed Pin From Net: NetName=VCC Pin=C18-2
Removed Pin From Net: NetName=VCC Pin=DD1-36
Change Component Designator: OldDesignator=C4 NewDesignator=C6
Change Component Designator: OldDesignator=C5 NewDesignator=C7
Change Component Designator: OldDesignator=C6 NewDesignator=C8
Change Component Designator: OldDesignator=C7 NewDesignator=C9
Change Component Designator: OldDesignator=C8 NewDesignator=C10
Change Component Designator: OldDesignator=C9 NewDesignator=C4
Change Component Designator: OldDesignator=C10 NewDesignator=C5
Change Component Designator: OldDesignator=C12 NewDesignator=C14
Change Component Designator: OldDesignator=C13 NewDesignator=C15
Change Component Designator: OldDesignator=C14 NewDesignator=C16
Change Component Designator: OldDesignator=C15 NewDesignator=C17
Change Component Designator: OldDesignator=C16 NewDesignator=C18
Change Component Designator: OldDesignator=C17 NewDesignator=C12
Change Component Designator: OldDesignator=C18 NewDesignator=C13
Added Pin To Net: NetName=GND Pin=C4-1
Added Pin To Net: NetName=VCC Pin=C4-2
Added Pin To Net: NetName=VCC Pin=C5-1
Added Pin To Net: NetName=GND Pin=C5-2
Added Pin To Net: NetName=GND Pin=C6-1
Added Pin To Net: NetName=VCC Pin=C6-2
Added Pin To Net: NetName=VCC Pin=C7-1
Added Pin To Net: NetName=GND Pin=C7-2
Added Pin To Net: NetName=GND Pin=C8-1
Added Pin To Net: NetName=VCC Pin=C8-2
Added Pin To Net: NetName=GND Pin=C12-1
Added Pin To Net: NetName=VCC Pin=C12-2
Added Pin To Net: NetName=VCC Pin=C13-1
Added Pin To Net: NetName=GND Pin=C13-2
